composeApp/build/outputs/logs/manifest-merger-main-report.txt
-- Merging decision tree log ---
manifest
ADDED from src/androidMain/AndroidManifest.xml:2:1-6:12
INJECTED from src/androidMain/AndroidManifest.xml:2:1-6:12
	package
		INJECTED from src/androidMain/AndroidManifest.xml
	xmlns:android
		ADDED from src/androidMain/AndroidManifest.xml:2:11-69
uses-permission#android.permission.INTERNET
ADDED from src/androidMain/AndroidManifest.xml:4:5-67
	android:name
		ADDED from src/androidMain/AndroidManifest.xml:4:22-64
uses-sdk
INJECTED from src/androidMain/AndroidManifest.xml reason: use-sdk injection requested
INJECTED from src/androidMain/AndroidManifest.xml
	android:minSdkVersion
		INJECTED from src/androidMain/AndroidManifest.xml